<?xml version="1.0" encoding="UTF-8"?>
<!-- Generated by org.testng.reporters.JUnitReportReporter -->
<testsuite skipped="0" hostname="DESKTOP-IREQ302" name="assignment.AutomationPractice" tests="1" failures="0" timestamp="27 May 2020 17:13:21 GMT" time="39.915" errors="0">
  <testcase name="testScript" time="39.915" classname="assignment.AutomationPractice"/>
</testsuite> <!-- assignment.AutomationPractice -->
